<?xml version="1.0" encoding="UTF-8"?>
<!-- Generated by org.testng.reporters.JUnitReportReporter -->
<testsuite skipped="0" hostname="DESKTOP-C4GD19I" name="TestNGtest.TC_loginpage" tests="6" failures="0" timestamp="2023-01-18T17:06:22 GST" time="13.911" errors="0">
  <testcase name="TC_AVerifyTitle" time="0.034" classname="TestNGtest.TC_loginpage"/>
  <system-out/>
  <testcase name="TC_BVerifyloginDDwithInvalidData" time="3.126" classname="TestNGtest.TC_loginpage"/>
  <system-out/>
  <testcase name="TC_BVerifyloginDDwithInvalidData" time="3.236" classname="TestNGtest.TC_loginpage"/>
  <system-out/>
  <testcase name="TC_BVerifyloginDDwithInvalidData" time="3.324" classname="TestNGtest.TC_loginpage"/>
  <system-out/>
  <testcase name="VerifyHomePageTitle" time="0.009" classname="TestNGtest.TC_loginpage"/>
  <system-out/>
  <testcase name="TC_CVerifyloginwithValidData" time="4.182" classname="TestNGtest.TC_loginpage"/>
  <system-out/>
</testsuite> <!-- TestNGtest.TC_loginpage -->
