<?xml version="1.0" encoding="UTF-8"?>
<!-- Generated by org.testng.reporters.JUnitReportReporter -->
<testsuite skipped="0" hostname="DESKTOP-C4GD19I" name="TestNGtest.TC_ListProduct" tests="5" failures="0" timestamp="2023-01-21T10:56:09 GST" time="39.510" errors="0">
  <testcase name="TC_AVerifyTitle" time="14.666" classname="TestNGtest.TC_ListProduct"/>
  <system-out/>
  <testcase name="TC_AverifySearch" time="13.718" classname="TestNGtest.TC_ListProduct"/>
  <system-out/>
  <testcase name="TC_Bverifycheckbox" time="0.208" classname="TestNGtest.TC_ListProduct"/>
  <system-out/>
  <testcase name="TC_Cverifydeletefunctio" time="8.636" classname="TestNGtest.TC_ListProduct"/>
  <system-out/>
  <testcase name="TC_DverifydeleteWithNoElement" time="2.282" classname="TestNGtest.TC_ListProduct"/>
  <system-out/>
</testsuite> <!-- TestNGtest.TC_ListProduct -->
