<?xml version="1.0" encoding="UTF-8"?>
<!-- Generated by org.testng.reporters.JUnitReportReporter -->
<testsuite hostname="DESKTOP-C4GD19I" failures="0" tests="12" name="TestNGtest.TC_Purchase" time="108.270" errors="0" timestamp="2023-01-04T17:24:03 GST" skipped="0">
  <testcase classname="TestNGtest.TC_Purchase" name="TC_EaddingwithoutProduct" time="6.796"/>
  <system-out/>
  <testcase classname="TestNGtest.TC_Purchase" name="TC_Faddingwithoutamount" time="13.508"/>
  <system-out/>
  <testcase classname="TestNGtest.TC_Purchase" name="TC_DaddingwithoutbusinessLoc" time="13.403"/>
  <system-out/>
  <testcase classname="TestNGtest.TC_Purchase" name="TC_AverifyTitle" time="5.360"/>
  <system-out/>
  <testcase classname="TestNGtest.TC_Purchase" name="TC_HdateCheck" time="0.035"/>
  <system-out/>
  <testcase classname="TestNGtest.TC_Purchase" name="TC_Isearchproduct" time="6.285"/>
  <system-out/>
  <testcase classname="TestNGtest.TC_Purchase" name="TC_Baddingwithoutsuplier" time="12.435"/>
  <system-out/>
  <testcase classname="TestNGtest.TC_Purchase" name="TC_Kaddproduct" time="3.217"/>
  <system-out/>
  <testcase classname="TestNGtest.TC_Purchase" name="TC_JfileUpload" time="2.123"/>
  <system-out/>
  <testcase classname="TestNGtest.TC_Purchase" name="TC_ZvalidData" time="23.446"/>
  <system-out/>
  <testcase classname="TestNGtest.TC_Purchase" name="TC_Caddingwithoutstatus" time="19.405"/>
  <system-out/>
  <testcase classname="TestNGtest.TC_Purchase" name="TC_GCardDetails" time="2.257"/>
  <system-out/>
</testsuite> <!-- TestNGtest.TC_Purchase -->
