<?xml version="1.0" encoding="UTF-8"?>
<!-- Generated by org.testng.reporters.JUnitReportReporter -->
<testsuite skipped="0" hostname="DESKTOP-C4GD19I" name="TestNGtest.TC_ListProductTest" tests="5" failures="0" timestamp="2023-01-12T17:26:02 GST" time="35.213" errors="0">
  <testcase name="TC_A" time="0.506" classname="TestNGtest.TC_ListProductTest"/>
  <system-out/>
  <testcase name="TC_Cdelete" time="17.310" classname="TestNGtest.TC_ListProductTest"/>
  <system-out/>
  <testcase name="TC_DdeleteWithNoElement" time="17.014" classname="TestNGtest.TC_ListProductTest"/>
  <system-out/>
  <testcase name="TC_AVerifyTitle" time="0.032" classname="TestNGtest.TC_ListProductTest"/>
  <system-out/>
  <testcase name="TC_Bcheckbox" time="0.351" classname="TestNGtest.TC_ListProductTest"/>
  <system-out/>
</testsuite> <!-- TestNGtest.TC_ListProductTest -->
