<?xml version="1.0" encoding="UTF-8"?>
<!-- Generated by org.testng.reporters.JUnitReportReporter -->
<testsuite skipped="0" hostname="DESKTOP-C4GD19I" name="TestNGtest.TC_Purchase" tests="12" failures="0" timestamp="2023-01-18T17:12:19 GST" time="112.364" errors="0">
  <testcase name="TC_AverifyTitle" time="9.070" classname="TestNGtest.TC_Purchase"/>
  <system-out/>
  <testcase name="TC_BVerifyaddingwithoutsuplier" time="11.419" classname="TestNGtest.TC_Purchase"/>
  <system-out/>
  <testcase name="TC_CVerifyaddingwithoutstatus" time="16.991" classname="TestNGtest.TC_Purchase"/>
  <system-out/>
  <testcase name="TC_DVerifyaddingwithoutbusinessLoc" time="13.983" classname="TestNGtest.TC_Purchase"/>
  <system-out/>
  <testcase name="TC_EVerifyaddingwithoutProduct" time="2.685" classname="TestNGtest.TC_Purchase"/>
  <system-out/>
  <testcase name="TC_FVerifyaddingwithoutamount" time="15.798" classname="TestNGtest.TC_Purchase"/>
  <system-out/>
  <testcase name="TC_GVerifyCardDetails" time="2.189" classname="TestNGtest.TC_Purchase"/>
  <system-out/>
  <testcase name="TC_HVerifydateCheck" time="0.031" classname="TestNGtest.TC_Purchase"/>
  <system-out/>
  <testcase name="TC_IVerifysearchproduct" time="9.235" classname="TestNGtest.TC_Purchase"/>
  <system-out/>
  <testcase name="TC_JVerifyfileUpload" time="2.098" classname="TestNGtest.TC_Purchase"/>
  <system-out/>
  <testcase name="TC_KVerifyaddproduct" time="3.161" classname="TestNGtest.TC_Purchase"/>
  <system-out/>
  <testcase name="TC_ZVerifyvalidData" time="25.704" classname="TestNGtest.TC_Purchase"/>
  <system-out/>
</testsuite> <!-- TestNGtest.TC_Purchase -->
