<?xml version="1.0" encoding="UTF-8"?>
<!-- Generated by org.testng.reporters.JUnitReportReporter -->
<testsuite hostname="DESKTOP-C4GD19I" failures="0" tests="12" name="TestNGtest.TC_ProductPage" time="52.076" errors="0" timestamp="2023-01-04T11:51:23 GST" skipped="3">
  <testcase classname="TestNGtest.TC_ProductPage" name="TC_ZAllInputs" time="8.410"/>
  <system-out/>
  <testcase classname="TestNGtest.TC_ProductPage" name="TC_FverifyTitle" time="0.009"/>
  <system-out/>
  <testcase classname="TestNGtest.TC_ProductPage" name="TC_skuTooltip" time="0.219"/>
  <system-out/>
  <testcase classname="TestNGtest.TC_ProductPage" name="TC_Ewithoutnayfield" time="8.587"/>
  <system-out/>
  <testcase classname="TestNGtest.TC_ProductPage" name="TC_GmanageCheck" time="0.036"/>
  <system-out/>
  <testcase classname="TestNGtest.TC_ProductPage" name="TC_AwithoutProName" time="9.503"/>
  <system-out/>
  <testcase classname="TestNGtest.TC_ProductPage" name="TC_CwithoutalertQuantity" time="10.404"/>
  <system-out/>
  <testcase classname="TestNGtest.TC_ProductPage" name="TC_DwithoutExclusiveTax" time="14.585"/>
  <system-out/>
  <testcase classname="TestNGtest.TC_ProductPage" name="TC_IinclusiveTax" time="0.323"/>
  <system-out/>
  <testcase classname="TestNGtest.TC_ProductPage" name="TC_BwithoutUnit">
    <skipped/>
  </testcase> <!-- TC_BwithoutUnit -->
  <system-out/>
  <testcase classname="TestNGtest.TC_ProductPage" name="TC_save">
    <skipped/>
  </testcase> <!-- TC_save -->
  <system-out/>
  <testcase classname="TestNGtest.TC_ProductPage" name="TC_HUnitName">
    <skipped/>
  </testcase> <!-- TC_HUnitName -->
  <system-out/>
</testsuite> <!-- TestNGtest.TC_ProductPage -->
