<?xml version="1.0" encoding="UTF-8"?>
<!-- Generated by org.testng.reporters.JUnitReportReporter -->
<testsuite skipped="0" hostname="DESKTOP-C4GD19I" name="TestNGtest.TC_ProductPage" tests="8" failures="0" timestamp="2023-01-18T17:07:40 GST" time="20.897" errors="0">
  <testcase name="TC_AverifywithoutProName" time="3.681" classname="TestNGtest.TC_ProductPage"/>
  <system-out/>
  <testcase name="TC_CVerifywithoutalertQuantity" time="3.666" classname="TestNGtest.TC_ProductPage"/>
  <system-out/>
  <testcase name="TC_DVerifywithoutExclusiveTax" time="3.352" classname="TestNGtest.TC_ProductPage"/>
  <system-out/>
  <testcase name="TC_EVerifywithoutnayfield" time="3.363" classname="TestNGtest.TC_ProductPage"/>
  <system-out/>
  <testcase name="TC_FverifyTitle" time="0.008" classname="TestNGtest.TC_ProductPage"/>
  <system-out/>
  <testcase name="TC_VerifyskuTooltip" time="0.204" classname="TestNGtest.TC_ProductPage"/>
  <system-out/>
  <testcase name="TC_IverifyinclusiveTax" time="0.199" classname="TestNGtest.TC_ProductPage"/>
  <system-out/>
  <testcase name="TC_ZverifyAllInputs" time="6.424" classname="TestNGtest.TC_ProductPage"/>
  <system-out/>
</testsuite> <!-- TestNGtest.TC_ProductPage -->
